<?xml version="1.0" encoding="UTF-8"?>
<testsuite xmlns:xsi="http://www.w3.org/2001/XMLSchema-instance" xsi:noNamespaceSchemaLocation="https://maven.apache.org/surefire/maven-surefire-plugin/xsd/surefire-test-report.xsd" name="TestSuite" time="39.582" tests="26" errors="0" skipped="6" failures="2">
  <properties>
    <property name="sun.desktop" value="windows"/>
    <property name="awt.toolkit" value="sun.awt.windows.WToolkit"/>
    <property name="java.specification.version" value="11"/>
    <property name="sun.cpu.isalist" value="amd64"/>
    <property name="sun.jnu.encoding" value="Cp1252"/>
    <property name="java.class.path" value="D:\IT Square\POM\Harsh_POM_Framweork\target\test-classes;D:\IT Square\POM\Harsh_POM_Framweork\target\classes;C:\Users\bhuth\.m2\repository\org\testng\testng\7.6.1\testng-7.6.1.jar;C:\Users\bhuth\.m2\repository\com\google\code\findbugs\jsr305\3.0.2\jsr305-3.0.2.jar;C:\Users\bhuth\.m2\repository\org\slf4j\slf4j-api\1.7.36\slf4j-api-1.7.36.jar;C:\Users\bhuth\.m2\repository\com\beust\jcommander\1.82\jcommander-1.82.jar;C:\Users\bhuth\.m2\repository\org\webjars\jquery\3.6.0\jquery-3.6.0.jar;C:\Users\bhuth\.m2\repository\io\github\bonigarcia\webdrivermanager\5.2.3\webdrivermanager-5.2.3.jar;C:\Users\bhuth\.m2\repository\com\google\code\gson\gson\2.9.1\gson-2.9.1.jar;C:\Users\bhuth\.m2\repository\com\github\docker-java\docker-java\3.2.13\docker-java-3.2.13.jar;C:\Users\bhuth\.m2\repository\com\github\docker-java\docker-java-core\3.2.13\docker-java-core-3.2.13.jar;C:\Users\bhuth\.m2\repository\com\github\docker-java\docker-java-api\3.2.13\docker-java-api-3.2.13.jar;C:\Users\bhuth\.m2\repository\com\fasterxml\jackson\core\jackson-annotations\2.10.3\jackson-annotations-2.10.3.jar;C:\Users\bhuth\.m2\repository\com\fasterxml\jackson\core\jackson-databind\2.10.3\jackson-databind-2.10.3.jar;C:\Users\bhuth\.m2\repository\com\fasterxml\jackson\core\jackson-core\2.10.3\jackson-core-2.10.3.jar;C:\Users\bhuth\.m2\repository\org\bouncycastle\bcpkix-jdk15on\1.64\bcpkix-jdk15on-1.64.jar;C:\Users\bhuth\.m2\repository\org\bouncycastle\bcprov-jdk15on\1.64\bcprov-jdk15on-1.64.jar;C:\Users\bhuth\.m2\repository\org\slf4j\jcl-over-slf4j\1.7.30\jcl-over-slf4j-1.7.30.jar;C:\Users\bhuth\.m2\repository\com\github\docker-java\docker-java-transport-httpclient5\3.2.13\docker-java-transport-httpclient5-3.2.13.jar;C:\Users\bhuth\.m2\repository\com\github\docker-java\docker-java-transport\3.2.13\docker-java-transport-3.2.13.jar;C:\Users\bhuth\.m2\repository\net\java\dev\jna\jna\5.8.0\jna-5.8.0.jar;C:\Users\bhuth\.m2\repository\org\brotli\dec\0.1.2\dec-0.1.2.jar;C:\Users\bhuth\.m2\repository\org\apache\commons\commons-lang3\3.12.0\commons-lang3-3.12.0.jar;C:\Users\bhuth\.m2\repository\org\apache\httpcomponents\client5\httpclient5\5.1.3\httpclient5-5.1.3.jar;C:\Users\bhuth\.m2\repository\org\apache\httpcomponents\core5\httpcore5\5.1.3\httpcore5-5.1.3.jar;C:\Users\bhuth\.m2\repository\org\apache\httpcomponents\core5\httpcore5-h2\5.1.3\httpcore5-h2-5.1.3.jar;C:\Users\bhuth\.m2\repository\org\seleniumhq\selenium\selenium-java\4.3.0\selenium-java-4.3.0.jar;C:\Users\bhuth\.m2\repository\org\seleniumhq\selenium\selenium-api\4.3.0\selenium-api-4.3.0.jar;C:\Users\bhuth\.m2\repository\org\seleniumhq\selenium\selenium-chrome-driver\4.3.0\selenium-chrome-driver-4.3.0.jar;C:\Users\bhuth\.m2\repository\com\google\auto\service\auto-service-annotations\1.0.1\auto-service-annotations-1.0.1.jar;C:\Users\bhuth\.m2\repository\com\google\auto\service\auto-service\1.0.1\auto-service-1.0.1.jar;C:\Users\bhuth\.m2\repository\com\google\auto\auto-common\1.2\auto-common-1.2.jar;C:\Users\bhuth\.m2\repository\com\google\guava\guava\31.1-jre\guava-31.1-jre.jar;C:\Users\bhuth\.m2\repository\com\google\guava\failureaccess\1.0.1\failureaccess-1.0.1.jar;C:\Users\bhuth\.m2\repository\com\google\guava\listenablefuture\9999.0-empty-to-avoid-conflict-with-guava\listenablefuture-9999.0-empty-to-avoid-conflict-with-guava.jar;C:\Users\bhuth\.m2\repository\org\checkerframework\checker-qual\3.12.0\checker-qual-3.12.0.jar;C:\Users\bhuth\.m2\repository\com\google\errorprone\error_prone_annotations\2.11.0\error_prone_annotations-2.11.0.jar;C:\Users\bhuth\.m2\repository\com\google\j2objc\j2objc-annotations\1.3\j2objc-annotations-1.3.jar;C:\Users\bhuth\.m2\repository\org\seleniumhq\selenium\selenium-chromium-driver\4.3.0\selenium-chromium-driver-4.3.0.jar;C:\Users\bhuth\.m2\repository\org\seleniumhq\selenium\selenium-json\4.3.0\selenium-json-4.3.0.jar;C:\Users\bhuth\.m2\repository\org\seleniumhq\selenium\selenium-devtools-v101\4.3.0\selenium-devtools-v101-4.3.0.jar;C:\Users\bhuth\.m2\repository\org\seleniumhq\selenium\selenium-devtools-v102\4.3.0\selenium-devtools-v102-4.3.0.jar;C:\Users\bhuth\.m2\repository\org\seleniumhq\selenium\selenium-devtools-v103\4.3.0\selenium-devtools-v103-4.3.0.jar;C:\Users\bhuth\.m2\repository\org\seleniumhq\selenium\selenium-devtools-v85\4.3.0\selenium-devtools-v85-4.3.0.jar;C:\Users\bhuth\.m2\repository\org\seleniumhq\selenium\selenium-edge-driver\4.3.0\selenium-edge-driver-4.3.0.jar;C:\Users\bhuth\.m2\repository\org\seleniumhq\selenium\selenium-firefox-driver\4.3.0\selenium-firefox-driver-4.3.0.jar;C:\Users\bhuth\.m2\repository\org\seleniumhq\selenium\selenium-ie-driver\4.3.0\selenium-ie-driver-4.3.0.jar;C:\Users\bhuth\.m2\repository\org\seleniumhq\selenium\selenium-opera-driver\4.3.0\selenium-opera-driver-4.3.0.jar;C:\Users\bhuth\.m2\repository\org\seleniumhq\selenium\selenium-remote-driver\4.3.0\selenium-remote-driver-4.3.0.jar;C:\Users\bhuth\.m2\repository\io\netty\netty-buffer\4.1.78.Final\netty-buffer-4.1.78.Final.jar;C:\Users\bhuth\.m2\repository\io\netty\netty-codec-http\4.1.78.Final\netty-codec-http-4.1.78.Final.jar;C:\Users\bhuth\.m2\repository\io\netty\netty-codec\4.1.78.Final\netty-codec-4.1.78.Final.jar;C:\Users\bhuth\.m2\repository\io\netty\netty-handler\4.1.78.Final\netty-handler-4.1.78.Final.jar;C:\Users\bhuth\.m2\repository\io\netty\netty-common\4.1.78.Final\netty-common-4.1.78.Final.jar;C:\Users\bhuth\.m2\repository\io\netty\netty-transport-classes-epoll\4.1.78.Final\netty-transport-classes-epoll-4.1.78.Final.jar;C:\Users\bhuth\.m2\repository\io\netty\netty-transport-classes-kqueue\4.1.78.Final\netty-transport-classes-kqueue-4.1.78.Final.jar;C:\Users\bhuth\.m2\repository\io\netty\netty-transport-native-epoll\4.1.78.Final\netty-transport-native-epoll-4.1.78.Final.jar;C:\Users\bhuth\.m2\repository\io\netty\netty-transport-native-kqueue\4.1.78.Final\netty-transport-native-kqueue-4.1.78.Final.jar;C:\Users\bhuth\.m2\repository\io\netty\netty-transport-native-unix-common\4.1.78.Final\netty-transport-native-unix-common-4.1.78.Final.jar;C:\Users\bhuth\.m2\repository\io\netty\netty-transport\4.1.78.Final\netty-transport-4.1.78.Final.jar;C:\Users\bhuth\.m2\repository\io\netty\netty-resolver\4.1.78.Final\netty-resolver-4.1.78.Final.jar;C:\Users\bhuth\.m2\repository\io\opentelemetry\opentelemetry-api\1.15.0\opentelemetry-api-1.15.0.jar;C:\Users\bhuth\.m2\repository\io\opentelemetry\opentelemetry-context\1.15.0\opentelemetry-context-1.15.0.jar;C:\Users\bhuth\.m2\repository\io\opentelemetry\opentelemetry-exporter-logging\1.15.0\opentelemetry-exporter-logging-1.15.0.jar;C:\Users\bhuth\.m2\repository\io\opentelemetry\opentelemetry-sdk-metrics\1.15.0\opentelemetry-sdk-metrics-1.15.0.jar;C:\Users\bhuth\.m2\repository\io\opentelemetry\opentelemetry-sdk-logs\1.15.0-alpha\opentelemetry-sdk-logs-1.15.0-alpha.jar;C:\Users\bhuth\.m2\repository\io\opentelemetry\opentelemetry-sdk-common\1.15.0\opentelemetry-sdk-common-1.15.0.jar;C:\Users\bhuth\.m2\repository\io\opentelemetry\opentelemetry-sdk-extension-autoconfigure-spi\1.15.0\opentelemetry-sdk-extension-autoconfigure-spi-1.15.0.jar;C:\Users\bhuth\.m2\repository\io\opentelemetry\opentelemetry-sdk-extension-autoconfigure\1.15.0-alpha\opentelemetry-sdk-extension-autoconfigure-1.15.0-alpha.jar;C:\Users\bhuth\.m2\repository\io\opentelemetry\opentelemetry-sdk-trace\1.15.0\opentelemetry-sdk-trace-1.15.0.jar;C:\Users\bhuth\.m2\repository\io\opentelemetry\opentelemetry-sdk\1.15.0\opentelemetry-sdk-1.15.0.jar;C:\Users\bhuth\.m2\repository\io\opentelemetry\opentelemetry-semconv\1.15.0-alpha\opentelemetry-semconv-1.15.0-alpha.jar;C:\Users\bhuth\.m2\repository\io\ous\jtoml\2.0.0\jtoml-2.0.0.jar;C:\Users\bhuth\.m2\repository\net\bytebuddy\byte-buddy\1.12.10\byte-buddy-1.12.10.jar;C:\Users\bhuth\.m2\repository\org\apache\commons\commons-exec\1.3\commons-exec-1.3.jar;C:\Users\bhuth\.m2\repository\org\asynchttpclient\async-http-client\2.12.3\async-http-client-2.12.3.jar;C:\Users\bhuth\.m2\repository\org\asynchttpclient\async-http-client-netty-utils\2.12.3\async-http-client-netty-utils-2.12.3.jar;C:\Users\bhuth\.m2\repository\io\netty\netty-codec-socks\4.1.60.Final\netty-codec-socks-4.1.60.Final.jar;C:\Users\bhuth\.m2\repository\io\netty\netty-handler-proxy\4.1.60.Final\netty-handler-proxy-4.1.60.Final.jar;C:\Users\bhuth\.m2\repository\io\netty\netty-transport-native-epoll\4.1.60.Final\netty-transport-native-epoll-4.1.60.Final-linux-x86_64.jar;C:\Users\bhuth\.m2\repository\io\netty\netty-transport-native-kqueue\4.1.60.Final\netty-transport-native-kqueue-4.1.60.Final-osx-x86_64.jar;C:\Users\bhuth\.m2\repository\com\typesafe\netty\netty-reactive-streams\2.0.4\netty-reactive-streams-2.0.4.jar;C:\Users\bhuth\.m2\repository\com\sun\activation\jakarta.activation\1.2.2\jakarta.activation-1.2.2.jar;C:\Users\bhuth\.m2\repository\org\seleniumhq\selenium\selenium-http\4.3.0\selenium-http-4.3.0.jar;C:\Users\bhuth\.m2\repository\dev\failsafe\failsafe\3.2.4\failsafe-3.2.4.jar;C:\Users\bhuth\.m2\repository\org\seleniumhq\selenium\selenium-safari-driver\4.3.0\selenium-safari-driver-4.3.0.jar;C:\Users\bhuth\.m2\repository\org\seleniumhq\selenium\selenium-support\4.3.0\selenium-support-4.3.0.jar;C:\Users\bhuth\.m2\repository\org\apache\poi\poi\5.2.2\poi-5.2.2.jar;C:\Users\bhuth\.m2\repository\commons-codec\commons-codec\1.15\commons-codec-1.15.jar;C:\Users\bhuth\.m2\repository\org\apache\commons\commons-collections4\4.4\commons-collections4-4.4.jar;C:\Users\bhuth\.m2\repository\org\apache\commons\commons-math3\3.6.1\commons-math3-3.6.1.jar;C:\Users\bhuth\.m2\repository\commons-io\commons-io\2.11.0\commons-io-2.11.0.jar;C:\Users\bhuth\.m2\repository\com\zaxxer\SparseBitSet\1.2\SparseBitSet-1.2.jar;C:\Users\bhuth\.m2\repository\org\apache\poi\poi-ooxml\5.2.2\poi-ooxml-5.2.2.jar;C:\Users\bhuth\.m2\repository\org\apache\poi\poi-ooxml-lite\5.2.2\poi-ooxml-lite-5.2.2.jar;C:\Users\bhuth\.m2\repository\org\apache\xmlbeans\xmlbeans\5.0.3\xmlbeans-5.0.3.jar;C:\Users\bhuth\.m2\repository\org\apache\commons\commons-compress\1.21\commons-compress-1.21.jar;C:\Users\bhuth\.m2\repository\com\github\virtuald\curvesapi\1.07\curvesapi-1.07.jar;C:\Users\bhuth\.m2\repository\mysql\mysql-connector-java\8.0.30\mysql-connector-java-8.0.30.jar;C:\Users\bhuth\.m2\repository\com\google\protobuf\protobuf-java\3.19.4\protobuf-java-3.19.4.jar;C:\Users\bhuth\.m2\repository\com\aventstack\extentreports\5.0.9\extentreports-5.0.9.jar;C:\Users\bhuth\.m2\repository\io\reactivex\rxjava3\rxjava\3.0.4\rxjava-3.0.4.jar;C:\Users\bhuth\.m2\repository\org\reactivestreams\reactive-streams\1.0.3\reactive-streams-1.0.3.jar;C:\Users\bhuth\.m2\repository\org\freemarker\freemarker\2.3.30\freemarker-2.3.30.jar;C:\Users\bhuth\.m2\repository\org\projectlombok\lombok\1.18.12\lombok-1.18.12.jar;C:\Users\bhuth\.m2\repository\org\apache\logging\log4j\log4j-api\2.18.0\log4j-api-2.18.0.jar;C:\Users\bhuth\.m2\repository\org\apache\logging\log4j\log4j-core\2.18.0\log4j-core-2.18.0.jar;"/>
    <property name="java.vm.vendor" value="Oracle Corporation"/>
    <property name="sun.arch.data.model" value="64"/>
    <property name="user.variant" value=""/>
    <property name="java.vendor.url" value="https://openjdk.java.net/"/>
    <property name="user.timezone" value="America/New_York"/>
    <property name="java.vm.specification.version" value="11"/>
    <property name="os.name" value="Windows 10"/>
    <property name="sun.java.launcher" value="SUN_STANDARD"/>
    <property name="user.country" value="CA"/>
    <property name="sun.boot.library.path" value="C:\Program Files\Java\jdk-11.0.15.1\bin"/>
    <property name="sun.java.command" value="C:\Users\bhuth\AppData\Local\Temp\surefire4531021715035806329\surefirebooter11312580589281958611.jar C:\Users\bhuth\AppData\Local\Temp\surefire4531021715035806329 2022-08-14T15-35-17_837-jvmRun1 surefire3525648566725977720tmp surefire_014124782488907241475tmp"/>
    <property name="jdk.debug" value="release"/>
    <property name="surefire.test.class.path" value="D:\IT Square\POM\Harsh_POM_Framweork\target\test-classes;D:\IT Square\POM\Harsh_POM_Framweork\target\classes;C:\Users\bhuth\.m2\repository\org\testng\testng\7.6.1\testng-7.6.1.jar;C:\Users\bhuth\.m2\repository\com\google\code\findbugs\jsr305\3.0.2\jsr305-3.0.2.jar;C:\Users\bhuth\.m2\repository\org\slf4j\slf4j-api\1.7.36\slf4j-api-1.7.36.jar;C:\Users\bhuth\.m2\repository\com\beust\jcommander\1.82\jcommander-1.82.jar;C:\Users\bhuth\.m2\repository\org\webjars\jquery\3.6.0\jquery-3.6.0.jar;C:\Users\bhuth\.m2\repository\io\github\bonigarcia\webdrivermanager\5.2.3\webdrivermanager-5.2.3.jar;C:\Users\bhuth\.m2\repository\com\google\code\gson\gson\2.9.1\gson-2.9.1.jar;C:\Users\bhuth\.m2\repository\com\github\docker-java\docker-java\3.2.13\docker-java-3.2.13.jar;C:\Users\bhuth\.m2\repository\com\github\docker-java\docker-java-core\3.2.13\docker-java-core-3.2.13.jar;C:\Users\bhuth\.m2\repository\com\github\docker-java\docker-java-api\3.2.13\docker-java-api-3.2.13.jar;C:\Users\bhuth\.m2\repository\com\fasterxml\jackson\core\jackson-annotations\2.10.3\jackson-annotations-2.10.3.jar;C:\Users\bhuth\.m2\repository\com\fasterxml\jackson\core\jackson-databind\2.10.3\jackson-databind-2.10.3.jar;C:\Users\bhuth\.m2\repository\com\fasterxml\jackson\core\jackson-core\2.10.3\jackson-core-2.10.3.jar;C:\Users\bhuth\.m2\repository\org\bouncycastle\bcpkix-jdk15on\1.64\bcpkix-jdk15on-1.64.jar;C:\Users\bhuth\.m2\repository\org\bouncycastle\bcprov-jdk15on\1.64\bcprov-jdk15on-1.64.jar;C:\Users\bhuth\.m2\repository\org\slf4j\jcl-over-slf4j\1.7.30\jcl-over-slf4j-1.7.30.jar;C:\Users\bhuth\.m2\repository\com\github\docker-java\docker-java-transport-httpclient5\3.2.13\docker-java-transport-httpclient5-3.2.13.jar;C:\Users\bhuth\.m2\repository\com\github\docker-java\docker-java-transport\3.2.13\docker-java-transport-3.2.13.jar;C:\Users\bhuth\.m2\repository\net\java\dev\jna\jna\5.8.0\jna-5.8.0.jar;C:\Users\bhuth\.m2\repository\org\brotli\dec\0.1.2\dec-0.1.2.jar;C:\Users\bhuth\.m2\repository\org\apache\commons\commons-lang3\3.12.0\commons-lang3-3.12.0.jar;C:\Users\bhuth\.m2\repository\org\apache\httpcomponents\client5\httpclient5\5.1.3\httpclient5-5.1.3.jar;C:\Users\bhuth\.m2\repository\org\apache\httpcomponents\core5\httpcore5\5.1.3\httpcore5-5.1.3.jar;C:\Users\bhuth\.m2\repository\org\apache\httpcomponents\core5\httpcore5-h2\5.1.3\httpcore5-h2-5.1.3.jar;C:\Users\bhuth\.m2\repository\org\seleniumhq\selenium\selenium-java\4.3.0\selenium-java-4.3.0.jar;C:\Users\bhuth\.m2\repository\org\seleniumhq\selenium\selenium-api\4.3.0\selenium-api-4.3.0.jar;C:\Users\bhuth\.m2\repository\org\seleniumhq\selenium\selenium-chrome-driver\4.3.0\selenium-chrome-driver-4.3.0.jar;C:\Users\bhuth\.m2\repository\com\google\auto\service\auto-service-annotations\1.0.1\auto-service-annotations-1.0.1.jar;C:\Users\bhuth\.m2\repository\com\google\auto\service\auto-service\1.0.1\auto-service-1.0.1.jar;C:\Users\bhuth\.m2\repository\com\google\auto\auto-common\1.2\auto-common-1.2.jar;C:\Users\bhuth\.m2\repository\com\google\guava\guava\31.1-jre\guava-31.1-jre.jar;C:\Users\bhuth\.m2\repository\com\google\guava\failureaccess\1.0.1\failureaccess-1.0.1.jar;C:\Users\bhuth\.m2\repository\com\google\guava\listenablefuture\9999.0-empty-to-avoid-conflict-with-guava\listenablefuture-9999.0-empty-to-avoid-conflict-with-guava.jar;C:\Users\bhuth\.m2\repository\org\checkerframework\checker-qual\3.12.0\checker-qual-3.12.0.jar;C:\Users\bhuth\.m2\repository\com\google\errorprone\error_prone_annotations\2.11.0\error_prone_annotations-2.11.0.jar;C:\Users\bhuth\.m2\repository\com\google\j2objc\j2objc-annotations\1.3\j2objc-annotations-1.3.jar;C:\Users\bhuth\.m2\repository\org\seleniumhq\selenium\selenium-chromium-driver\4.3.0\selenium-chromium-driver-4.3.0.jar;C:\Users\bhuth\.m2\repository\org\seleniumhq\selenium\selenium-json\4.3.0\selenium-json-4.3.0.jar;C:\Users\bhuth\.m2\repository\org\seleniumhq\selenium\selenium-devtools-v101\4.3.0\selenium-devtools-v101-4.3.0.jar;C:\Users\bhuth\.m2\repository\org\seleniumhq\selenium\selenium-devtools-v102\4.3.0\selenium-devtools-v102-4.3.0.jar;C:\Users\bhuth\.m2\repository\org\seleniumhq\selenium\selenium-devtools-v103\4.3.0\selenium-devtools-v103-4.3.0.jar;C:\Users\bhuth\.m2\repository\org\seleniumhq\selenium\selenium-devtools-v85\4.3.0\selenium-devtools-v85-4.3.0.jar;C:\Users\bhuth\.m2\repository\org\seleniumhq\selenium\selenium-edge-driver\4.3.0\selenium-edge-driver-4.3.0.jar;C:\Users\bhuth\.m2\repository\org\seleniumhq\selenium\selenium-firefox-driver\4.3.0\selenium-firefox-driver-4.3.0.jar;C:\Users\bhuth\.m2\repository\org\seleniumhq\selenium\selenium-ie-driver\4.3.0\selenium-ie-driver-4.3.0.jar;C:\Users\bhuth\.m2\repository\org\seleniumhq\selenium\selenium-opera-driver\4.3.0\selenium-opera-driver-4.3.0.jar;C:\Users\bhuth\.m2\repository\org\seleniumhq\selenium\selenium-remote-driver\4.3.0\selenium-remote-driver-4.3.0.jar;C:\Users\bhuth\.m2\repository\io\netty\netty-buffer\4.1.78.Final\netty-buffer-4.1.78.Final.jar;C:\Users\bhuth\.m2\repository\io\netty\netty-codec-http\4.1.78.Final\netty-codec-http-4.1.78.Final.jar;C:\Users\bhuth\.m2\repository\io\netty\netty-codec\4.1.78.Final\netty-codec-4.1.78.Final.jar;C:\Users\bhuth\.m2\repository\io\netty\netty-handler\4.1.78.Final\netty-handler-4.1.78.Final.jar;C:\Users\bhuth\.m2\repository\io\netty\netty-common\4.1.78.Final\netty-common-4.1.78.Final.jar;C:\Users\bhuth\.m2\repository\io\netty\netty-transport-classes-epoll\4.1.78.Final\netty-transport-classes-epoll-4.1.78.Final.jar;C:\Users\bhuth\.m2\repository\io\netty\netty-transport-classes-kqueue\4.1.78.Final\netty-transport-classes-kqueue-4.1.78.Final.jar;C:\Users\bhuth\.m2\repository\io\netty\netty-transport-native-epoll\4.1.78.Final\netty-transport-native-epoll-4.1.78.Final.jar;C:\Users\bhuth\.m2\repository\io\netty\netty-transport-native-kqueue\4.1.78.Final\netty-transport-native-kqueue-4.1.78.Final.jar;C:\Users\bhuth\.m2\repository\io\netty\netty-transport-native-unix-common\4.1.78.Final\netty-transport-native-unix-common-4.1.78.Final.jar;C:\Users\bhuth\.m2\repository\io\netty\netty-transport\4.1.78.Final\netty-transport-4.1.78.Final.jar;C:\Users\bhuth\.m2\repository\io\netty\netty-resolver\4.1.78.Final\netty-resolver-4.1.78.Final.jar;C:\Users\bhuth\.m2\repository\io\opentelemetry\opentelemetry-api\1.15.0\opentelemetry-api-1.15.0.jar;C:\Users\bhuth\.m2\repository\io\opentelemetry\opentelemetry-context\1.15.0\opentelemetry-context-1.15.0.jar;C:\Users\bhuth\.m2\repository\io\opentelemetry\opentelemetry-exporter-logging\1.15.0\opentelemetry-exporter-logging-1.15.0.jar;C:\Users\bhuth\.m2\repository\io\opentelemetry\opentelemetry-sdk-metrics\1.15.0\opentelemetry-sdk-metrics-1.15.0.jar;C:\Users\bhuth\.m2\repository\io\opentelemetry\opentelemetry-sdk-logs\1.15.0-alpha\opentelemetry-sdk-logs-1.15.0-alpha.jar;C:\Users\bhuth\.m2\repository\io\opentelemetry\opentelemetry-sdk-common\1.15.0\opentelemetry-sdk-common-1.15.0.jar;C:\Users\bhuth\.m2\repository\io\opentelemetry\opentelemetry-sdk-extension-autoconfigure-spi\1.15.0\opentelemetry-sdk-extension-autoconfigure-spi-1.15.0.jar;C:\Users\bhuth\.m2\repository\io\opentelemetry\opentelemetry-sdk-extension-autoconfigure\1.15.0-alpha\opentelemetry-sdk-extension-autoconfigure-1.15.0-alpha.jar;C:\Users\bhuth\.m2\repository\io\opentelemetry\opentelemetry-sdk-trace\1.15.0\opentelemetry-sdk-trace-1.15.0.jar;C:\Users\bhuth\.m2\repository\io\opentelemetry\opentelemetry-sdk\1.15.0\opentelemetry-sdk-1.15.0.jar;C:\Users\bhuth\.m2\repository\io\opentelemetry\opentelemetry-semconv\1.15.0-alpha\opentelemetry-semconv-1.15.0-alpha.jar;C:\Users\bhuth\.m2\repository\io\ous\jtoml\2.0.0\jtoml-2.0.0.jar;C:\Users\bhuth\.m2\repository\net\bytebuddy\byte-buddy\1.12.10\byte-buddy-1.12.10.jar;C:\Users\bhuth\.m2\repository\org\apache\commons\commons-exec\1.3\commons-exec-1.3.jar;C:\Users\bhuth\.m2\repository\org\asynchttpclient\async-http-client\2.12.3\async-http-client-2.12.3.jar;C:\Users\bhuth\.m2\repository\org\asynchttpclient\async-http-client-netty-utils\2.12.3\async-http-client-netty-utils-2.12.3.jar;C:\Users\bhuth\.m2\repository\io\netty\netty-codec-socks\4.1.60.Final\netty-codec-socks-4.1.60.Final.jar;C:\Users\bhuth\.m2\repository\io\netty\netty-handler-proxy\4.1.60.Final\netty-handler-proxy-4.1.60.Final.jar;C:\Users\bhuth\.m2\repository\io\netty\netty-transport-native-epoll\4.1.60.Final\netty-transport-native-epoll-4.1.60.Final-linux-x86_64.jar;C:\Users\bhuth\.m2\repository\io\netty\netty-transport-native-kqueue\4.1.60.Final\netty-transport-native-kqueue-4.1.60.Final-osx-x86_64.jar;C:\Users\bhuth\.m2\repository\com\typesafe\netty\netty-reactive-streams\2.0.4\netty-reactive-streams-2.0.4.jar;C:\Users\bhuth\.m2\repository\com\sun\activation\jakarta.activation\1.2.2\jakarta.activation-1.2.2.jar;C:\Users\bhuth\.m2\repository\org\seleniumhq\selenium\selenium-http\4.3.0\selenium-http-4.3.0.jar;C:\Users\bhuth\.m2\repository\dev\failsafe\failsafe\3.2.4\failsafe-3.2.4.jar;C:\Users\bhuth\.m2\repository\org\seleniumhq\selenium\selenium-safari-driver\4.3.0\selenium-safari-driver-4.3.0.jar;C:\Users\bhuth\.m2\repository\org\seleniumhq\selenium\selenium-support\4.3.0\selenium-support-4.3.0.jar;C:\Users\bhuth\.m2\repository\org\apache\poi\poi\5.2.2\poi-5.2.2.jar;C:\Users\bhuth\.m2\repository\commons-codec\commons-codec\1.15\commons-codec-1.15.jar;C:\Users\bhuth\.m2\repository\org\apache\commons\commons-collections4\4.4\commons-collections4-4.4.jar;C:\Users\bhuth\.m2\repository\org\apache\commons\commons-math3\3.6.1\commons-math3-3.6.1.jar;C:\Users\bhuth\.m2\repository\commons-io\commons-io\2.11.0\commons-io-2.11.0.jar;C:\Users\bhuth\.m2\repository\com\zaxxer\SparseBitSet\1.2\SparseBitSet-1.2.jar;C:\Users\bhuth\.m2\repository\org\apache\poi\poi-ooxml\5.2.2\poi-ooxml-5.2.2.jar;C:\Users\bhuth\.m2\repository\org\apache\poi\poi-ooxml-lite\5.2.2\poi-ooxml-lite-5.2.2.jar;C:\Users\bhuth\.m2\repository\org\apache\xmlbeans\xmlbeans\5.0.3\xmlbeans-5.0.3.jar;C:\Users\bhuth\.m2\repository\org\apache\commons\commons-compress\1.21\commons-compress-1.21.jar;C:\Users\bhuth\.m2\repository\com\github\virtuald\curvesapi\1.07\curvesapi-1.07.jar;C:\Users\bhuth\.m2\repository\mysql\mysql-connector-java\8.0.30\mysql-connector-java-8.0.30.jar;C:\Users\bhuth\.m2\repository\com\google\protobuf\protobuf-java\3.19.4\protobuf-java-3.19.4.jar;C:\Users\bhuth\.m2\repository\com\aventstack\extentreports\5.0.9\extentreports-5.0.9.jar;C:\Users\bhuth\.m2\repository\io\reactivex\rxjava3\rxjava\3.0.4\rxjava-3.0.4.jar;C:\Users\bhuth\.m2\repository\org\reactivestreams\reactive-streams\1.0.3\reactive-streams-1.0.3.jar;C:\Users\bhuth\.m2\repository\org\freemarker\freemarker\2.3.30\freemarker-2.3.30.jar;C:\Users\bhuth\.m2\repository\org\projectlombok\lombok\1.18.12\lombok-1.18.12.jar;C:\Users\bhuth\.m2\repository\org\apache\logging\log4j\log4j-api\2.18.0\log4j-api-2.18.0.jar;C:\Users\bhuth\.m2\repository\org\apache\logging\log4j\log4j-core\2.18.0\log4j-core-2.18.0.jar;"/>
    <property name="sun.cpu.endian" value="little"/>
    <property name="user.home" value="C:\Users\bhuth"/>
    <property name="user.language" value="en"/>
    <property name="java.specification.vendor" value="Oracle Corporation"/>
    <property name="java.version.date" value="2022-04-22"/>
    <property name="java.home" value="C:\Program Files\Java\jdk-11.0.15.1"/>
    <property name="file.separator" value="\"/>
    <property name="basedir" value="D:\IT Square\POM\Harsh_POM_Framweork"/>
    <property name="java.vm.compressedOopsMode" value="Zero based"/>
    <property name="line.separator" value="&#10;"/>
    <property name="java.specification.name" value="Java Platform API Specification"/>
    <property name="java.vm.specification.vendor" value="Oracle Corporation"/>
    <property name="java.awt.graphicsenv" value="sun.awt.Win32GraphicsEnvironment"/>
    <property name="surefire.real.class.path" value="C:\Users\bhuth\AppData\Local\Temp\surefire4531021715035806329\surefirebooter11312580589281958611.jar"/>
    <property name="user.script" value=""/>
    <property name="sun.management.compiler" value="HotSpot 64-Bit Tiered Compilers"/>
    <property name="java.runtime.version" value="11.0.15.1+2-LTS-10"/>
    <property name="user.name" value="bhuth"/>
    <property name="path.separator" value=";"/>
    <property name="os.version" value="10.0"/>
    <property name="java.runtime.name" value="Java(TM) SE Runtime Environment"/>
    <property name="file.encoding" value="Cp1252"/>
    <property name="java.vm.name" value="Java HotSpot(TM) 64-Bit Server VM"/>
    <property name="java.vendor.version" value="18.9"/>
    <property name="localRepository" value="C:\Users\bhuth\.m2\repository"/>
    <property name="java.vendor.url.bug" value="https://bugreport.java.com/bugreport/"/>
    <property name="java.io.tmpdir" value="C:\Users\bhuth\AppData\Local\Temp\"/>
    <property name="java.version" value="11.0.15.1"/>
    <property name="user.dir" value="D:\IT Square\POM\Harsh_POM_Framweork"/>
    <property name="os.arch" value="amd64"/>
    <property name="java.vm.specification.name" value="Java Virtual Machine Specification"/>
    <property name="java.awt.printerjob" value="sun.awt.windows.WPrinterJob"/>
    <property name="sun.os.patch.level" value=""/>
    <property name="java.library.path" value="C:\Program Files\Java\jdk-11.0.15.1\bin;C:\WINDOWS\Sun\Java\bin;C:\WINDOWS\system32;C:\WINDOWS;C:\Program Files (x86)\Razer Chroma SDK\bin;C:\Program Files\Razer Chroma SDK\bin;C:\Program Files (x86)\Razer\ChromaBroadcast\bin;C:\Program Files\Razer\ChromaBroadcast\bin;C:\Program Files\Common Files\Oracle\Java\javapath;C:\Program Files (x86)\NVIDIA Corporation\PhysX\Common;C:\WINDOWS\system32;C:\WINDOWS;C:\WINDOWS\System32\Wbem;C:\WINDOWS\System32\WindowsPowerShell\v1.0\;C:\WINDOWS\System32\OpenSSH\;C:\Program Files (x86)\AMD\ATI.ACE\Core-Static;C:\Program Files (x86)\Windows Kits\8.1\Windows Performance Toolkit\;C:\WINDOWS\system32\config\systemprofile\AppData\Local\Microsoft\WindowsApps;C:\apache-ant-1.10.12\bin;C:\apache-maven-3.8.6\bin;C:\Program Files\Java\jdk-11.0.15.1\bin;C:\Program Files\Git\cmd;C:\Program Files\nodejs\;C:\Users\bhuth\Downloads\allure-2.19.0\allure-2.19.0\bin;C:\Program Files\MySQL\MySQL Shell 8.0\bin\;C:\Users\bhuth\AppData\Local\Microsoft\WindowsApps;C:\Users\bhuth\AppData\Roaming\npm;."/>
    <property name="java.vendor" value="Oracle Corporation"/>
    <property name="java.vm.info" value="mixed mode"/>
    <property name="java.vm.version" value="11.0.15.1+2-LTS-10"/>
    <property name="sun.io.unicode.encoding" value="UnicodeLittle"/>
    <property name="java.class.version" value="55.0"/>
  </properties>
  <testcase name="landingPageTittleTest" classname="com.qa.app.tests.LandingPageTest" time="0.033"/>
  <testcase name="landingPageTittleTest" classname="com.qa.app.tests.LandingPageTest" time="0.009"/>
  <testcase name="verifyHeader" classname="com.qa.app.tests.LandingPageTest" time="0.074"/>
  <testcase name="verifyHeader" classname="com.qa.app.tests.LandingPageTest" time="0.062"/>
  <testcase name="verifyLoginButton" classname="com.qa.app.tests.LandingPageTest" time="0.131"/>
  <testcase name="verifyLoginButton" classname="com.qa.app.tests.LandingPageTest" time="0.058"/>
  <testcase name="verifyJoinbutton" classname="com.qa.app.tests.LandingPageTest" time="0.175"/>
  <testcase name="verifyJoinbutton" classname="com.qa.app.tests.LandingPageTest" time="0.066"/>
  <testcase name="getLogin" classname="com.qa.app.tests.LandingPageTest" time="2.56"/>
  <testcase name="getLogin" classname="com.qa.app.tests.LandingPageTest" time="1.551"/>
  <testcase name="verifyLoginPageHeader" classname="com.qa.app.tests.LoginPageTest" time="0.064"/>
  <testcase name="verifyLoginPageHeader" classname="com.qa.app.tests.LoginPageTest" time="0.091"/>
  <testcase name="verifyRememberMeLink" classname="com.qa.app.tests.LoginPageTest" time="0.078"/>
  <testcase name="verifyRememberMeLink" classname="com.qa.app.tests.LoginPageTest" time="0.087"/>
  <testcase name="verifySignUp" classname="com.qa.app.tests.LoginPageTest" time="0.065"/>
  <testcase name="verifySignUp" classname="com.qa.app.tests.LoginPageTest" time="0.062"/>
  <testcase name="verifyForgotPassword" classname="com.qa.app.tests.LoginPageTest" time="0.081"/>
  <testcase name="verifyForgotPassword" classname="com.qa.app.tests.LoginPageTest" time="0.058"/>
  <testcase name="doLogin" classname="com.qa.app.tests.LoginPageTest" time="0">
    <skipped message="expected [Harsh Bhut] but found []"/>
    <system-out><![CDATA[doLogin : Started
2022-08-14T15:35:35.538-0400  [TestNG-tests-4] TRACE com.qa.app.listeners.WebEventListener - Before getting WebElement - By.id: email
2022-08-14T15:35:35.560-0400  [TestNG-tests-4] INFO  com.qa.app.listeners.WebEventListener - After getting WebElement - By.id: email
2022-08-14T15:35:35.630-0400  [TestNG-tests-4] TRACE com.qa.app.listeners.WebEventListener - Before getting WebElement - By.id: password
2022-08-14T15:35:35.652-0400  [TestNG-tests-4] INFO  com.qa.app.listeners.WebEventListener - After getting WebElement - By.id: password
2022-08-14T15:35:35.725-0400  [TestNG-tests-4] TRACE com.qa.app.listeners.WebEventListener - Before getting WebElement - By.className: btn-primary
2022-08-14T15:35:35.750-0400  [TestNG-tests-4] INFO  com.qa.app.listeners.WebEventListener - After getting WebElement - By.className: btn-primary
2022-08-14T15:35:35.864-0400  [TestNG-tests-4] TRACE com.qa.app.listeners.WebEventListener - Before getting WebElement - By.xpath: //span[@class='navbar-current-user']
2022-08-14T15:35:36.303-0400  [TestNG-tests-2] INFO  com.qa.app.listeners.WebEventListener - After getting WebElement - By.xpath: //span[@class='navbar-current-user']
doLogin skipped!
]]></system-out>
  </testcase>
  <testcase name="doLogin" classname="com.qa.app.tests.LoginPageTest" time="0">
    <skipped/>
    <system-out><![CDATA[doLogin : Started
2022-08-14T15:35:36.556-0400  [TestNG-tests-2] TRACE com.qa.app.listeners.WebEventListener - Before getting WebElement - By.id: email
2022-08-14T15:35:40.969-0400  [TestNG-tests-4] ERROR com.qa.app.listeners.WebEventListener - Error has occured with Exception - : java.lang.reflect.InvocationTargetException
Some error has occured while locating this WebElement : By.xpath: //span[@class='navbar-current-user']
doLogin skipped!
]]></system-out>
  </testcase>
  <testcase name="doLogin" classname="com.qa.app.tests.LoginPageTest" time="0">
    <skipped/>
    <system-out><![CDATA[doLogin : Started
2022-08-14T15:35:41.054-0400  [TestNG-tests-4] TRACE com.qa.app.listeners.WebEventListener - Before getting WebElement - By.id: email
2022-08-14T15:35:41.072-0400  [TestNG-tests-4] INFO  com.qa.app.listeners.WebEventListener - After getting WebElement - By.id: email
2022-08-14T15:35:41.142-0400  [TestNG-tests-4] TRACE com.qa.app.listeners.WebEventListener - Before getting WebElement - By.id: password
2022-08-14T15:35:41.160-0400  [TestNG-tests-4] INFO  com.qa.app.listeners.WebEventListener - After getting WebElement - By.id: password
2022-08-14T15:35:41.224-0400  [TestNG-tests-4] TRACE com.qa.app.listeners.WebEventListener - Before getting WebElement - By.className: btn-primary
2022-08-14T15:35:41.241-0400  [TestNG-tests-4] INFO  com.qa.app.listeners.WebEventListener - After getting WebElement - By.className: btn-primary
2022-08-14T15:35:41.365-0400  [TestNG-tests-4] TRACE com.qa.app.listeners.WebEventListener - Before getting WebElement - By.xpath: //span[@class='navbar-current-user']
2022-08-14T15:35:41.573-0400  [TestNG-tests-2] ERROR com.qa.app.listeners.WebEventListener - Error has occured with Exception - : java.lang.reflect.InvocationTargetException
Some error has occured while locating this WebElement : By.id: email
doLogin skipped!
]]></system-out>
  </testcase>
  <testcase name="doLogin" classname="com.qa.app.tests.LoginPageTest" time="0">
    <skipped/>
    <system-out><![CDATA[doLogin : Started
2022-08-14T15:35:41.719-0400  [TestNG-tests-2] TRACE com.qa.app.listeners.WebEventListener - Before getting WebElement - By.id: email
2022-08-14T15:35:46.470-0400  [TestNG-tests-4] ERROR com.qa.app.listeners.WebEventListener - Error has occured with Exception - : java.lang.reflect.InvocationTargetException
Some error has occured while locating this WebElement : By.xpath: //span[@class='navbar-current-user']
doLogin skipped!
]]></system-out>
  </testcase>
  <testcase name="doLogin" classname="com.qa.app.tests.LoginPageTest" time="0">
    <skipped/>
    <system-out><![CDATA[doLogin : Started
2022-08-14T15:35:46.550-0400  [TestNG-tests-4] TRACE com.qa.app.listeners.WebEventListener - Before getting WebElement - By.id: email
2022-08-14T15:35:46.568-0400  [TestNG-tests-4] INFO  com.qa.app.listeners.WebEventListener - After getting WebElement - By.id: email
2022-08-14T15:35:46.630-0400  [TestNG-tests-4] TRACE com.qa.app.listeners.WebEventListener - Before getting WebElement - By.id: password
2022-08-14T15:35:46.646-0400  [TestNG-tests-4] INFO  com.qa.app.listeners.WebEventListener - After getting WebElement - By.id: password
2022-08-14T15:35:46.707-0400  [TestNG-tests-4] TRACE com.qa.app.listeners.WebEventListener - Before getting WebElement - By.className: btn-primary
2022-08-14T15:35:46.724-0400  [TestNG-tests-4] INFO  com.qa.app.listeners.WebEventListener - After getting WebElement - By.className: btn-primary
2022-08-14T15:35:46.738-0400  [TestNG-tests-2] ERROR com.qa.app.listeners.WebEventListener - Error has occured with Exception - : java.lang.reflect.InvocationTargetException
Some error has occured while locating this WebElement : By.id: email
doLogin skipped!
2022-08-14T15:35:46.813-0400  [TestNG-tests-4] TRACE com.qa.app.listeners.WebEventListener - Before getting WebElement - By.xpath: //span[@class='navbar-current-user']
]]></system-out>
  </testcase>
  <testcase name="doLogin" classname="com.qa.app.tests.LoginPageTest" time="0">
    <skipped/>
    <system-out><![CDATA[doLogin : Started
2022-08-14T15:35:46.883-0400  [TestNG-tests-2] TRACE com.qa.app.listeners.WebEventListener - Before getting WebElement - By.id: email
2022-08-14T15:35:51.911-0400  [TestNG-tests-2] ERROR com.qa.app.listeners.WebEventListener - Error has occured with Exception - : java.lang.reflect.InvocationTargetException
Some error has occured while locating this WebElement : By.id: email
doLogin Failed
2022-08-14T15:35:51.926-0400  [TestNG-tests-4] ERROR com.qa.app.listeners.WebEventListener - Error has occured with Exception - : java.lang.reflect.InvocationTargetException
Some error has occured while locating this WebElement : By.xpath: //span[@class='navbar-current-user']
doLogin skipped!
]]></system-out>
  </testcase>
  <testcase name="doLogin" classname="com.qa.app.tests.LoginPageTest" time="0.057">
    <failure type="java.lang.NullPointerException">java.lang.NullPointerException
	at com.qa.app.tests.LoginPageTest.doLogin(LoginPageTest.java:44)
</failure>
    <system-out><![CDATA[doLogin : Started
2022-08-14T15:35:51.998-0400  [TestNG-tests-4] TRACE com.qa.app.listeners.WebEventListener - Before getting WebElement - By.id: email
2022-08-14T15:35:52.017-0400  [TestNG-tests-4] INFO  com.qa.app.listeners.WebEventListener - After getting WebElement - By.id: email
]]></system-out>
  </testcase>
  <testcase name="doLogin" classname="com.qa.app.tests.LoginPageTest" time="5.451">
    <failure type="java.lang.NullPointerException">java.lang.NullPointerException
	at com.qa.app.tests.LoginPageTest.doLogin(LoginPageTest.java:45)
</failure>
    <system-out><![CDATA[2022-08-14T15:35:52.055-0400  [AsyncHttpClient-1-7] TRACE io.netty.handler.codec.http.websocketx.WebSocket08FrameEncoder - Encoding WebSocket Frame opCode=8 length=26
2022-08-14T15:35:52.099-0400  [TestNG-tests-4] TRACE com.qa.app.listeners.WebEventListener - Before getting WebElement - By.id: password
2022-08-14T15:35:52.116-0400  [TestNG-tests-4] INFO  com.qa.app.listeners.WebEventListener - After getting WebElement - By.id: password
2022-08-14T15:35:52.183-0400  [TestNG-tests-4] TRACE com.qa.app.listeners.WebEventListener - Before getting WebElement - By.className: btn-primary
2022-08-14T15:35:52.199-0400  [TestNG-tests-4] INFO  com.qa.app.listeners.WebEventListener - After getting WebElement - By.className: btn-primary
2022-08-14T15:35:52.298-0400  [TestNG-tests-4] TRACE com.qa.app.listeners.WebEventListener - Before getting WebElement - By.xpath: //span[@class='navbar-current-user']
Test Suite is ending!
2022-08-14T15:35:57.387-0400  [TestNG-tests-4] ERROR com.qa.app.listeners.WebEventListener - Error has occured with Exception - : java.lang.reflect.InvocationTargetException
Some error has occured while locating this WebElement : By.xpath: //span[@class='navbar-current-user']
doLogin Failed
]]></system-out>
  </testcase>
</testsuite>