<?xml version="1.0" encoding="UTF-8"?>
<!-- Generated by org.testng.reporters.JUnitReportReporter -->
<testsuite hostname="DESKTOP-9B8839P" failures="0" tests="10" name="com.qa.app.tests.LandingPageTest" time="6.624" errors="0" timestamp="2022-08-12T19:47:20 EDT" skipped="0">
  <testcase classname="com.qa.app.tests.LandingPageTest" name="landingPageTittleTest" time="0.018"/>
  <system-out/>
  <testcase classname="com.qa.app.tests.LandingPageTest" name="landingPageTittleTest" time="0.062"/>
  <system-out/>
  <testcase classname="com.qa.app.tests.LandingPageTest" name="verifyHeader" time="0.079"/>
  <system-out/>
  <testcase classname="com.qa.app.tests.LandingPageTest" name="verifyHeader" time="1.043"/>
  <system-out/>
  <testcase classname="com.qa.app.tests.LandingPageTest" name="verifyLoginButton" time="0.285"/>
  <system-out/>
  <testcase classname="com.qa.app.tests.LandingPageTest" name="verifyLoginButton" time="0.085"/>
  <system-out/>
  <testcase classname="com.qa.app.tests.LandingPageTest" name="verifyJoinbutton" time="0.332"/>
  <system-out/>
  <testcase classname="com.qa.app.tests.LandingPageTest" name="verifyJoinbutton" time="0.253"/>
  <system-out/>
  <testcase classname="com.qa.app.tests.LandingPageTest" name="getLogin" time="2.107"/>
  <system-out/>
  <testcase classname="com.qa.app.tests.LandingPageTest" name="getLogin" time="2.360"/>
  <system-out/>
</testsuite> <!-- com.qa.app.tests.LandingPageTest -->
