<?xml version="1.0" encoding="UTF-8"?>
<!-- Generated by org.testng.reporters.JUnitReportReporter -->
<testsuite hostname="DESKTOP-9B8839P" failures="0" tests="5" name="com.qa.app.tests.LoginPageTest" time="3.500" errors="0" timestamp="2022-08-12T16:28:33 EDT" skipped="0">
  <testcase classname="com.qa.app.tests.LoginPageTest" name="verifyLoginPageHeader" time="0.047"/>
  <system-out/>
  <testcase classname="com.qa.app.tests.LoginPageTest" name="verifyRememberMeLink" time="0.057"/>
  <system-out/>
  <testcase classname="com.qa.app.tests.LoginPageTest" name="verifySignUp" time="0.060"/>
  <system-out/>
  <testcase classname="com.qa.app.tests.LoginPageTest" name="verifyForgotPassword" time="0.053"/>
  <system-out/>
  <testcase classname="com.qa.app.tests.LoginPageTest" name="doLogin" time="3.283"/>
  <system-out/>
</testsuite> <!-- com.qa.app.tests.LoginPageTest -->
