<?xml version="1.0" encoding="UTF-8"?>
<!-- Generated by org.testng.reporters.JUnitReportReporter -->
<testsuite hostname="DESKTOP-9B8839P" failures="0" tests="10" name="com.qa.app.tests.LandingPageTest" time="7.517" errors="0" timestamp="2022-08-14T15:27:08 EDT" skipped="0">
  <testcase classname="com.qa.app.tests.LandingPageTest" name="landingPageTittleTest" time="0.052"/>
  <system-out/>
  <testcase classname="com.qa.app.tests.LandingPageTest" name="landingPageTittleTest" time="0.037"/>
  <system-out/>
  <testcase classname="com.qa.app.tests.LandingPageTest" name="verifyHeader" time="0.165"/>
  <system-out/>
  <testcase classname="com.qa.app.tests.LandingPageTest" name="verifyHeader" time="1.224"/>
  <system-out/>
  <testcase classname="com.qa.app.tests.LandingPageTest" name="verifyLoginButton" time="0.302"/>
  <system-out/>
  <testcase classname="com.qa.app.tests.LandingPageTest" name="verifyLoginButton" time="0.160"/>
  <system-out/>
  <testcase classname="com.qa.app.tests.LandingPageTest" name="verifyJoinbutton" time="0.081"/>
  <system-out/>
  <testcase classname="com.qa.app.tests.LandingPageTest" name="verifyJoinbutton" time="0.669"/>
  <system-out/>
  <testcase classname="com.qa.app.tests.LandingPageTest" name="getLogin" time="2.085"/>
  <system-out/>
  <testcase classname="com.qa.app.tests.LandingPageTest" name="getLogin" time="2.742"/>
  <system-out/>
</testsuite> <!-- com.qa.app.tests.LandingPageTest -->
