<?xml version="1.0" encoding="UTF-8"?>
<!-- Generated by org.testng.reporters.JUnitReportReporter -->
<testsuite hostname="DESKTOP-9B8839P" failures="0" tests="10" name="com.qa.app.tests.LandingPageTest" time="5.618" errors="0" timestamp="2022-08-14T15:35:58 EDT" skipped="0">
  <testcase classname="com.qa.app.tests.LandingPageTest" name="landingPageTittleTest" time="0.010"/>
  <system-out/>
  <testcase classname="com.qa.app.tests.LandingPageTest" name="landingPageTittleTest" time="0.027"/>
  <system-out/>
  <testcase classname="com.qa.app.tests.LandingPageTest" name="verifyHeader" time="0.062"/>
  <system-out/>
  <testcase classname="com.qa.app.tests.LandingPageTest" name="verifyHeader" time="0.075"/>
  <system-out/>
  <testcase classname="com.qa.app.tests.LandingPageTest" name="verifyLoginButton" time="0.121"/>
  <system-out/>
  <testcase classname="com.qa.app.tests.LandingPageTest" name="verifyLoginButton" time="0.058"/>
  <system-out/>
  <testcase classname="com.qa.app.tests.LandingPageTest" name="verifyJoinbutton" time="0.183"/>
  <system-out/>
  <testcase classname="com.qa.app.tests.LandingPageTest" name="verifyJoinbutton" time="0.063"/>
  <system-out/>
  <testcase classname="com.qa.app.tests.LandingPageTest" name="getLogin" time="2.557"/>
  <system-out/>
  <testcase classname="com.qa.app.tests.LandingPageTest" name="getLogin" time="2.462"/>
  <system-out/>
</testsuite> <!-- com.qa.app.tests.LandingPageTest -->
